<?xml version="1.0" encoding="UTF-8"?>
<testng-results ignored="0" total="10" passed="10" failed="0" skipped="0">
  <reporter-output>
  </reporter-output>
  <suite started-at="2025-09-07T22:28:51 IST" name="OrangeHRM_BDD_Suite" finished-at="2025-09-07T22:30:18 IST" duration-ms="87299">
    <groups>
      <group name="cucumber">
        <method signature="AbstractTestNGCucumberTests.runScenario(io.cucumber.testng.PickleWrapper,io.cucumber.testng.FeatureWrapper)[pri:0, instance:runners.TestRunner@79d8407f]" name="runScenario" class="io.cucumber.testng.AbstractTestNGCucumberTests"/>
      </group> <!-- cucumber -->
    </groups>
    <test started-at="2025-09-07T22:28:51 IST" name="Cucumber Test Execution" finished-at="2025-09-07T22:30:18 IST" duration-ms="87299">
      <class name="runners.TestRunner">
        <test-method is-config="true" signature="setUpClass(org.testng.ITestContext)[pri:0, instance:runners.TestRunner@79d8407f]" started-at="2025-09-07T22:28:51 IST" name="setUpClass" finished-at="2025-09-07T22:29:01 IST" duration-ms="9545" status="PASS">
          <params>
            <param index="0">
              <value>
                <![CDATA[org.testng.TestRunner@72f3f14c]]>
              </value>
            </param>
          </params>
          <reporter-output>
          </reporter-output>
        </test-method> <!-- setUpClass -->
        <test-method signature="runScenario(io.cucumber.testng.PickleWrapper,io.cucumber.testng.FeatureWrapper)[pri:0, instance:runners.TestRunner@79d8407f]" started-at="2025-09-07T22:29:01 IST" name="runScenario" description="Runs Cucumber Scenarios" data-provider="scenarios" finished-at="2025-09-07T22:29:10 IST" duration-ms="9860" status="PASS">
          <params>
            <param index="0">
              <value>
                <![CDATA["Positive Testcase"]]>
              </value>
            </param>
            <param index="1">
              <value>
                <![CDATA["Add the Employee"]]>
              </value>
            </param>
          </params>
          <reporter-output>
          </reporter-output>
        </test-method> <!-- runScenario -->
        <test-method signature="runScenario(io.cucumber.testng.PickleWrapper,io.cucumber.testng.FeatureWrapper)[pri:0, instance:runners.TestRunner@79d8407f]" started-at="2025-09-07T22:29:10 IST" name="runScenario" description="Runs Cucumber Scenarios" data-provider="scenarios" finished-at="2025-09-07T22:29:30 IST" duration-ms="19588" status="PASS">
          <params>
            <param index="0">
              <value>
                <![CDATA["Negative Testcase - Missing Required Fields"]]>
              </value>
            </param>
            <param index="1">
              <value>
                <![CDATA["Add the Employee"]]>
              </value>
            </param>
          </params>
          <reporter-output>
          </reporter-output>
        </test-method> <!-- runScenario -->
        <test-method signature="runScenario(io.cucumber.testng.PickleWrapper,io.cucumber.testng.FeatureWrapper)[pri:0, instance:runners.TestRunner@79d8407f]" started-at="2025-09-07T22:29:30 IST" name="runScenario" description="Runs Cucumber Scenarios" data-provider="scenarios" finished-at="2025-09-07T22:29:41 IST" duration-ms="11104" status="PASS">
          <params>
            <param index="0">
              <value>
                <![CDATA["Positive - Add a new system user"]]>
              </value>
            </param>
            <param index="1">
              <value>
                <![CDATA["Add System User in OrangeHRM"]]>
              </value>
            </param>
          </params>
          <reporter-output>
          </reporter-output>
        </test-method> <!-- runScenario -->
        <test-method signature="runScenario(io.cucumber.testng.PickleWrapper,io.cucumber.testng.FeatureWrapper)[pri:0, instance:runners.TestRunner@79d8407f]" started-at="2025-09-07T22:29:41 IST" name="runScenario" description="Runs Cucumber Scenarios" data-provider="scenarios" finished-at="2025-09-07T22:29:52 IST" duration-ms="10478" status="PASS">
          <params>
            <param index="0">
              <value>
                <![CDATA["Negative - Add user with missing required fields"]]>
              </value>
            </param>
            <param index="1">
              <value>
                <![CDATA["Add System User in OrangeHRM"]]>
              </value>
            </param>
          </params>
          <reporter-output>
          </reporter-output>
        </test-method> <!-- runScenario -->
        <test-method signature="runScenario(io.cucumber.testng.PickleWrapper,io.cucumber.testng.FeatureWrapper)[pri:0, instance:runners.TestRunner@79d8407f]" started-at="2025-09-07T22:29:52 IST" name="runScenario" description="Runs Cucumber Scenarios" data-provider="scenarios" finished-at="2025-09-07T22:29:59 IST" duration-ms="7390" status="PASS">
          <params>
            <param index="0">
              <value>
                <![CDATA["Positive Case- Search employee by ID"]]>
              </value>
            </param>
            <param index="1">
              <value>
                <![CDATA["Search the Employee"]]>
              </value>
            </param>
          </params>
          <reporter-output>
          </reporter-output>
        </test-method> <!-- runScenario -->
        <test-method signature="runScenario(io.cucumber.testng.PickleWrapper,io.cucumber.testng.FeatureWrapper)[pri:0, instance:runners.TestRunner@79d8407f]" started-at="2025-09-07T22:29:59 IST" name="runScenario" description="Runs Cucumber Scenarios" data-provider="scenarios" finished-at="2025-09-07T22:30:06 IST" duration-ms="7255" status="PASS">
          <params>
            <param index="0">
              <value>
                <![CDATA["Negative Case- Search employee by ID"]]>
              </value>
            </param>
            <param index="1">
              <value>
                <![CDATA["Search the Employee"]]>
              </value>
            </param>
          </params>
          <reporter-output>
          </reporter-output>
        </test-method> <!-- runScenario -->
        <test-method signature="runScenario(io.cucumber.testng.PickleWrapper,io.cucumber.testng.FeatureWrapper)[pri:0, instance:runners.TestRunner@79d8407f]" started-at="2025-09-07T22:30:06 IST" name="runScenario" description="Runs Cucumber Scenarios" data-provider="scenarios" finished-at="2025-09-07T22:30:12 IST" duration-ms="6086" status="PASS">
          <params>
            <param index="0">
              <value>
                <![CDATA["Positive Login"]]>
              </value>
            </param>
            <param index="1">
              <value>
                <![CDATA["Login functionality for OrangeHRM"]]>
              </value>
            </param>
          </params>
          <reporter-output>
          </reporter-output>
        </test-method> <!-- runScenario -->
        <test-method signature="runScenario(io.cucumber.testng.PickleWrapper,io.cucumber.testng.FeatureWrapper)[pri:0, instance:runners.TestRunner@79d8407f]" started-at="2025-09-07T22:30:12 IST" name="runScenario" description="Runs Cucumber Scenarios" data-provider="scenarios" finished-at="2025-09-07T22:30:16 IST" duration-ms="3913" status="PASS">
          <params>
            <param index="0">
              <value>
                <![CDATA["Negative Login - Invalid credentials"]]>
              </value>
            </param>
            <param index="1">
              <value>
                <![CDATA["Login functionality for OrangeHRM"]]>
              </value>
            </param>
          </params>
          <reporter-output>
          </reporter-output>
        </test-method> <!-- runScenario -->
        <test-method signature="runScenario(io.cucumber.testng.PickleWrapper,io.cucumber.testng.FeatureWrapper)[pri:0, instance:runners.TestRunner@79d8407f]" started-at="2025-09-07T22:30:16 IST" name="runScenario" description="Runs Cucumber Scenarios" data-provider="scenarios" finished-at="2025-09-07T22:30:17 IST" duration-ms="906" status="PASS">
          <params>
            <param index="0">
              <value>
                <![CDATA["Launch with correct URL"]]>
              </value>
            </param>
            <param index="1">
              <value>
                <![CDATA["URL Validation for OrangeHRM"]]>
              </value>
            </param>
          </params>
          <reporter-output>
          </reporter-output>
        </test-method> <!-- runScenario -->
        <test-method signature="runScenario(io.cucumber.testng.PickleWrapper,io.cucumber.testng.FeatureWrapper)[pri:0, instance:runners.TestRunner@79d8407f]" started-at="2025-09-07T22:30:17 IST" name="runScenario" description="Runs Cucumber Scenarios" data-provider="scenarios" finished-at="2025-09-07T22:30:18 IST" duration-ms="530" status="PASS">
          <params>
            <param index="0">
              <value>
                <![CDATA["Launch with wrong URL"]]>
              </value>
            </param>
            <param index="1">
              <value>
                <![CDATA["URL Validation for OrangeHRM"]]>
              </value>
            </param>
          </params>
          <reporter-output>
          </reporter-output>
        </test-method> <!-- runScenario -->
        <test-method is-config="true" signature="tearDownClass()[pri:0, instance:runners.TestRunner@79d8407f]" started-at="2025-09-07T22:30:18 IST" name="tearDownClass" finished-at="2025-09-07T22:30:18 IST" duration-ms="582" status="PASS">
          <reporter-output>
          </reporter-output>
        </test-method> <!-- tearDownClass -->
      </class> <!-- runners.TestRunner -->
    </test> <!-- Cucumber Test Execution -->
  </suite> <!-- OrangeHRM_BDD_Suite -->
</testng-results>
